<?xml version="1.0" encoding="UTF-8"?>
<!-- Generated by org.testng.reporters.JUnitReportReporter -->
<testsuite hostname="DESKTOP-SHNC452" failures="0" tests="1" name="Cookies_Headers.Header1" time="2.521" errors="0" timestamp="2025-01-03T14:44:06 IST" skipped="0">
  <testcase classname="Cookies_Headers.Header1" name="getHeaders" time="2.521"/>
  <system-out/>
</testsuite> <!-- Cookies_Headers.Header1 -->
