<?xml version="1.0" encoding="UTF-8"?>
<!-- Generated by org.testng.reporters.JUnitReportReporter -->
<testsuite hostname="DESKTOP-SHNC452" failures="0" tests="1" name="bascic_HTTPRequest.GetRequest" time="2.982" errors="0" timestamp="2024-12-30T15:31:03 IST" skipped="0">
  <testcase classname="bascic_HTTPRequest.GetRequest" name="Tc" time="2.982"/>
  <system-out/>
</testsuite> <!-- bascic_HTTPRequest.GetRequest -->
