<?xml version="1.0" encoding="UTF-8"?>
<!-- Generated by org.testng.reporters.JUnitReportReporter -->
<testsuite hostname="DESKTOP-SHNC452" failures="0" tests="1" name="PathParam_QueryParam.PathParameters" time="2.134" errors="0" timestamp="2024-12-31T15:17:55 IST" skipped="0">
  <testcase classname="PathParam_QueryParam.PathParameters" name="Tc" time="2.134"/>
  <system-out/>
</testsuite> <!-- PathParam_QueryParam.PathParameters -->
