<?xml version="1.0" encoding="UTF-8"?>
<!-- Generated by org.testng.reporters.JUnitReportReporter -->
<testsuite hostname="DESKTOP-SHNC452" failures="0" tests="1" name="DifferenWaysOfCreatingPOSTMethod.Ex2_UsingOrgJSONLibrary" time="1.337" errors="0" timestamp="2024-12-31T14:42:48 IST" skipped="0">
  <testcase classname="DifferenWaysOfCreatingPOSTMethod.Ex2_UsingOrgJSONLibrary" name="Tc" time="1.337"/>
  <system-out/>
</testsuite> <!-- DifferenWaysOfCreatingPOSTMethod.Ex2_UsingOrgJSONLibrary -->
