<?xml version="1.0" encoding="UTF-8"?>
<!-- Generated by org.testng.reporters.JUnitReportReporter -->
<testsuite hostname="DESKTOP-SHNC452" failures="0" tests="1" name="DifferenWaysOfCreatingPOSTMethod.Ex3_Using_ExternalJSONFile" time="1.304" errors="0" timestamp="2024-12-31T14:52:44 IST" skipped="0">
  <testcase classname="DifferenWaysOfCreatingPOSTMethod.Ex3_Using_ExternalJSONFile" name="Tc" time="1.304"/>
  <system-out/>
</testsuite> <!-- DifferenWaysOfCreatingPOSTMethod.Ex3_Using_ExternalJSONFile -->
