<?xml version="1.0" encoding="UTF-8"?>
<!-- Generated by org.testng.reporters.JUnitReportReporter -->
<testsuite hostname="DESKTOP-SHNC452" failures="0" tests="1" name="bascic_HTTPRequest.DeleteRequest_Student" time="1.439" errors="0" timestamp="2024-12-31T14:43:16 IST" skipped="0">
  <testcase classname="bascic_HTTPRequest.DeleteRequest_Student" name="Tc1" time="1.439"/>
  <system-out/>
</testsuite> <!-- bascic_HTTPRequest.DeleteRequest_Student -->
