<?xml version="1.0" encoding="UTF-8"?>
<!-- Generated by org.testng.reporters.JUnitReportReporter -->
<testsuite hostname="DESKTOP-SHNC452" failures="0" tests="1" name="bascic_HTTPRequest.GetRequest" time="1.901" errors="0" timestamp="2024-12-31T14:11:30 IST" skipped="0">
  <testcase classname="bascic_HTTPRequest.GetRequest" name="Tc" time="1.901"/>
  <system-out/>
</testsuite> <!-- bascic_HTTPRequest.GetRequest -->
