<?xml version="1.0" encoding="UTF-8"?>
<!-- Generated by org.testng.reporters.JUnitReportReporter -->
<testsuite hostname="DESKTOP-SHNC452" failures="0" tests="1" name="bascic_HTTPRequest.PostRequest_Students" time="1.737" errors="0" timestamp="2024-12-30T16:15:10 IST" skipped="0">
  <testcase classname="bascic_HTTPRequest.PostRequest_Students" name="Tc1" time="1.737"/>
  <system-out/>
</testsuite> <!-- bascic_HTTPRequest.PostRequest_Students -->
