<?xml version="1.0" encoding="UTF-8"?>
<!-- Generated by org.testng.reporters.JUnitReportReporter -->
<testsuite hostname="DESKTOP-SHNC452" failures="0" tests="1" name="bascic_HTTPRequest.PatchRequest_Students" time="1.725" errors="0" timestamp="2024-12-31T14:27:24 IST" skipped="0">
  <testcase classname="bascic_HTTPRequest.PatchRequest_Students" name="Tc1" time="1.725"/>
  <system-out/>
</testsuite> <!-- bascic_HTTPRequest.PatchRequest_Students -->
