<?xml version="1.0" encoding="UTF-8"?>
<!-- Generated by org.testng.reporters.JUnitReportReporter -->
<testsuite hostname="DESKTOP-SHNC452" failures="0" tests="1" name="ParsingJsonData.ParsingJSONResponseData" time="1.178" errors="0" timestamp="2025-01-02T13:48:37 IST" skipped="0">
  <testcase classname="ParsingJsonData.ParsingJSONResponseData" name="Tc02" time="1.178"/>
  <system-out/>
</testsuite> <!-- ParsingJsonData.ParsingJSONResponseData -->
