<?xml version="1.0" encoding="UTF-8"?>
<!-- Generated by org.testng.reporters.JUnitReportReporter -->
<testsuite hostname="DESKTOP-SHNC452" failures="0" tests="1" name="bascic_HTTPRequest.GetRequest_Students" time="1.566" errors="0" timestamp="2024-12-31T15:33:34 IST" skipped="0">
  <testcase classname="bascic_HTTPRequest.GetRequest_Students" name="Tc1" time="1.566"/>
  <system-out/>
</testsuite> <!-- bascic_HTTPRequest.GetRequest_Students -->
