<?xml version="1.0" encoding="UTF-8"?>
<!-- Generated by org.testng.reporters.JUnitReportReporter -->
<testsuite hostname="DESKTOP-SHNC452" failures="0" tests="1" name="Cookies_Headers.Cookies" time="3.219" errors="0" timestamp="2024-12-31T15:53:27 IST" skipped="0">
  <testcase classname="Cookies_Headers.Cookies" name="Tc02" time="3.219"/>
  <system-out/>
</testsuite> <!-- Cookies_Headers.Cookies -->
