<?xml version="1.0" encoding="UTF-8"?>
<!-- Generated by org.testng.reporters.JUnitReportReporter -->
<testsuite hostname="DESKTOP-SHNC452" failures="0" tests="2" name="bascic_HTTPRequest.GetRequest_Students" time="1.428" errors="0" timestamp="2024-12-30T16:29:45 IST" skipped="0">
  <testcase classname="bascic_HTTPRequest.GetRequest_Students" name="Tc1" time="1.408"/>
  <system-out/>
  <testcase classname="bascic_HTTPRequest.GetRequest_Students" name="Tc2" time="0.020"/>
  <system-out/>
</testsuite> <!-- bascic_HTTPRequest.GetRequest_Students -->
