<?xml version="1.0" encoding="UTF-8"?>
<!-- Generated by org.testng.reporters.JUnitReportReporter -->
<testsuite hostname="DESKTOP-SHNC452" failures="0" tests="1" name="DifferenWaysOfCreatingPOSTMethod.Ex4_Using_POJOClass" time="2.208" errors="0" timestamp="2024-12-31T15:03:19 IST" skipped="0">
  <testcase classname="DifferenWaysOfCreatingPOSTMethod.Ex4_Using_POJOClass" name="Tc" time="2.208"/>
  <system-out/>
</testsuite> <!-- DifferenWaysOfCreatingPOSTMethod.Ex4_Using_POJOClass -->
