<?xml version="1.0" encoding="UTF-8"?>
<!-- Generated by org.testng.reporters.JUnitReportReporter -->
<testsuite hostname="DESKTOP-SHNC452" failures="0" tests="1" name="DifferenWaysOfCreatingPOSTMethod.Ex1_UsingMap" time="1.570" errors="0" timestamp="2024-12-31T14:35:26 IST" skipped="0">
  <testcase classname="DifferenWaysOfCreatingPOSTMethod.Ex1_UsingMap" name="Tc1" time="1.570"/>
  <system-out/>
</testsuite> <!-- DifferenWaysOfCreatingPOSTMethod.Ex1_UsingMap -->
