<?xml version="1.0" encoding="UTF-8"?>
<!-- Generated by org.testng.reporters.JUnitReportReporter -->
<testsuite hostname="DESKTOP-SHNC452" failures="0" tests="1" name="bascic_HTTPRequest.PutRequest_Student" time="1.635" errors="0" timestamp="2024-12-30T16:17:19 IST" skipped="0">
  <testcase classname="bascic_HTTPRequest.PutRequest_Student" name="Tc1" time="1.635"/>
  <system-out/>
</testsuite> <!-- bascic_HTTPRequest.PutRequest_Student -->
